Arguments: 
  /Users/hghan/.nvm/versions/node/v10.16.0/bin/node /Users/hghan/.nvm/versions/node/v10.16.0/bin/yarn add markup-it

PATH: 
  /usr/local/Cellar/emacs/26.1_1/bin:/Users/hghan/.nvm/versions/node/v10.16.0/bin:/usr/local/bin:/usr/bin:/bin:/usr/sbin:/sbin:/Library/Apple/usr/bin:/Library/Apple/bin

Yarn version: 
  1.19.1

Node version: 
  10.16.0

Platform: 
  darwin x64

Trace: 
  SyntaxError: /Users/hghan/work/rishighan.com/package.json: Unexpected token } in JSON at position 2461
      at JSON.parse (<anonymous>)
      at /Users/hghan/.nvm/versions/node/v10.16.0/lib/node_modules/yarn/lib/cli.js:1625:59
      at Generator.next (<anonymous>)
      at step (/Users/hghan/.nvm/versions/node/v10.16.0/lib/node_modules/yarn/lib/cli.js:304:30)
      at /Users/hghan/.nvm/versions/node/v10.16.0/lib/node_modules/yarn/lib/cli.js:315:13

npm manifest: 
  {
    "name": "rishighan.com",
    "version": "1.0.0",
    "description": "Rishi Ghan's personal website",
    "repository": "https://github.com/rishighan/rishighan.com",
    "main": "index.js",
    "scripts": {
      "hot": "webpack --config webpack/webpack.config.babel.js --mode development",
      "dev": "nodemon server/server.js -e /dist/*.js",
      "test": "npm test"
    },
    "keywords": [
      "rishi",
      "ghan",
      "website"
    ],
    "author": "Rishi Ghan",
    "license": "ISC",
    "devDependencies": {
      "@babel/register": "^7.0.0",
      "babel-core": "^6.26.3",
      "babel-eslint": "^10.0.1",
      "babel-loader": "^8.0.5",
      "babel-polyfill": "^6.26.0",
      "babel-preset-es2015": "^6.24.1",
      "babel-preset-stage-0": "^6.24.1",
      "css-loader": "^2.1.0",
      "ejs": "^2.6.1",
      "ejs-html-loader": "^4.0.1",
      "eslint": "^5.14.1",
      "eslint-config-airbnb-base": "^13.1.0",
      "eslint-plugin-import": "^2.16.0",
      "eslint-plugin-react": "^7.12.4",
      "eslint-plugin-react-hooks": "^1.6.0",
      "file-loader": "^3.0.1",
      "html-loader": "^0.5.5",
      "html-webpack-plugin": "^3.2.0",
      "mini-css-extract-plugin": "^0.5.0",
      "node-sass": "^4.13.1",
      "nodemon": "^1.18.10",
      "react-hot-loader": "^4.6.5",
      "sass-loader": "^7.1.0",
      "style-loader": "^0.23.1",
      "svg-inline-loader": "^0.8.0",
      "url-loader": "^1.1.2",
      "webpack": "^4.29.3",
      "webpack-cli": "^3.2.3"
    },
    "dependencies": {
      "@babel/core": "^7.2.2",
      "@babel/plugin-proposal-class-properties": "^7.3.3",
      "@babel/preset-env": "^7.3.1",
      "@babel/preset-react": "^7.0.0",
      "axios": "^0.19.0",
      "bulma": "^0.7.5",
      "connected-react-router": "^6.3.2",
      "date-fns": "^1.30.1",
      "express": "^4.16.4",
      "final-form": "^4.18.6",
      "form-data": "^2.5.1",
      "helmet": "^3.21.1",
      "highlight.js": "^9.14.2",
      "history": "^4.9.0",
      "interweave": "^10.1.2",
      "kramed": "^0.5.6",
      "lodash": "^4.17.15",
      "match-sorter": "^4.0.2",
      "object-diff": "0.0.4",
      "prop-types": "^15.7.2",
      "react": "^16.12.0",
      "react-aspect-ratio": "^1.0.40",
      "react-debounce-input": "^3.2.0",
      "react-dom": "^16.8.1",
      "react-dropzone": "^10.1.3",
      "react-final-form": "^6.3.3",
      "react-paginate": "^6.3.0",
      "react-redux": "^6.0.0",
      "react-router": "^4.3.1",
      "react-router-dom": "^4.3.1",
      "react-select": "^3.0.8",
      "react-sparkline": "^2.0.0",
      "redux": "^4.0.1",
      "redux-thunk": "^2.3.0",
    }
  }

yarn manifest: 
  No manifest

Lockfile: 
  No lockfile
